#
# There is insufficient memory for the Java Runtime Environment to continue.
# Native memory allocation (malloc) failed to allocate 1189456 bytes for Chunk::new
# Possible reasons:
#   The system is out of physical RAM or swap space
#   The process is running with CompressedOops enabled, and the Java Heap may be blocking the growth of the native heap
# Possible solutions:
#   Reduce memory load on the system
#   Increase physical memory or swap space
#   Check if swap backing store is full
#   Decrease Java heap size (-Xmx/-Xms)
#   Decrease number of Java threads
#   Decrease Java thread stack sizes (-Xss)
#   Set larger code cache with -XX:ReservedCodeCacheSize=
#   JVM is running with Unscaled Compressed Oops mode in which the Java heap is
#     placed in the first 4GB address space. The Java Heap base address is the
#     maximum limit for the native heap growth. Please use -XX:HeapBaseMinAddress
#     to set the Java Heap base and to place the Java Heap above 4GB virtual address.
# This output file may be truncated or incomplete.
#
#  Out of Memory Error (allocation.cpp:389), pid=26356, tid=0x0000000000007ac0
#
# JRE version: OpenJDK Runtime Environment (8.0_242-b01) (build 1.8.0_242-release-1644-b01)
# Java VM: OpenJDK 64-Bit Server VM (25.242-b01 mixed mode windows-amd64 compressed oops)
# Failed to write core dump. Minidumps are not enabled by default on client versions of Windows
#

---------------  T H R E A D  ---------------

Current thread (0x0000000017835800):  JavaThread "C2 CompilerThread1" daemon [_thread_in_native, id=31424, stack(0x0000000018200000,0x0000000018300000)]

Stack: [0x0000000018200000,0x0000000018300000]
[error occurred during error reporting (printing stack bounds), id 0xc0000005]

Native frames: (J=compiled Java code, j=interpreted, Vv=VM code, C=native code)


Current CompileTask:
C2:2208791 29463       4       com.android.utils.PositionXmlParser::getPositionHelper (757 bytes)


---------------  P R O C E S S  ---------------

Java Threads: ( => current thread )
  0x000000001a95f800 JavaThread "stdout" [_thread_in_native, id=20052, stack(0x0000000037ae0000,0x0000000037be0000)]
  0x000000001a958000 JavaThread "stderr" [_thread_in_native, id=11788, stack(0x00000000379e0000,0x0000000037ae0000)]
  0x000000001a95e000 JavaThread "stdout" [_thread_in_native, id=17172, stack(0x00000000378e0000,0x00000000379e0000)]
  0x000000001d93d000 JavaThread "stderr" [_thread_in_native, id=13132, stack(0x0000000037550000,0x0000000037650000)]
  0x000000001d938800 JavaThread "stdout" [_thread_in_native, id=20384, stack(0x0000000037450000,0x0000000037550000)]
  0x000000001d937800 JavaThread "stderr" [_thread_in_native, id=7460, stack(0x0000000037120000,0x0000000037220000)]
  0x000000001d93b800 JavaThread "stdout" [_thread_in_native, id=27224, stack(0x0000000037020000,0x0000000037120000)]
  0x000000001d939000 JavaThread "stderr" [_thread_in_native, id=32400, stack(0x0000000036f20000,0x0000000037020000)]
  0x000000001d93a000 JavaThread "stdout" [_thread_in_native, id=32536, stack(0x0000000036e20000,0x0000000036f20000)]
  0x000000001d930000 JavaThread "stderr" [_thread_in_native, id=26596, stack(0x0000000030b80000,0x0000000030c80000)]
  0x000000001d931000 JavaThread "stdout" [_thread_in_native, id=15848, stack(0x0000000030a80000,0x0000000030b80000)]
  0x000000001d937000 JavaThread "stderr" [_thread_in_native, id=26156, stack(0x0000000030980000,0x0000000030a80000)]
  0x000000001d92f800 JavaThread "stdout" [_thread_in_native, id=32052, stack(0x0000000030880000,0x0000000030980000)]
  0x000000001d935800 JavaThread "stderr" [_thread_in_native, id=27696, stack(0x0000000030780000,0x0000000030880000)]
  0x000000001d934800 JavaThread "stdout" [_thread_in_native, id=24992, stack(0x00000000303b0000,0x00000000304b0000)]
  0x000000001d933000 JavaThread "stderr" [_thread_in_native, id=19496, stack(0x00000000302b0000,0x00000000303b0000)]
  0x000000001d92e800 JavaThread "WorkerExecutor Queue Thread 8" [_thread_blocked, id=24696, stack(0x000000002ff80000,0x0000000030080000)]
  0x0000000022c5a800 JavaThread "pool-29-thread-1" [_thread_blocked, id=32124, stack(0x000000002fe80000,0x000000002ff80000)]
  0x0000000022c53000 JavaThread "WorkerExecutor Queue Thread 7" [_thread_blocked, id=13956, stack(0x000000002fd80000,0x000000002fe80000)]
  0x0000000022c59800 JavaThread "WorkerExecutor Queue Thread 6" [_thread_blocked, id=13728, stack(0x000000002fc80000,0x000000002fd80000)]
  0x0000000022c52000 JavaThread "WorkerExecutor Queue Thread 5" [_thread_blocked, id=2060, stack(0x000000002fb80000,0x000000002fc80000)]
  0x0000000022c59000 JavaThread "WorkerExecutor Queue Thread 4" [_thread_blocked, id=31924, stack(0x000000002fa80000,0x000000002fb80000)]
  0x0000000022c51800 JavaThread "WorkerExecutor Queue Thread 3" [_thread_blocked, id=20976, stack(0x000000002f980000,0x000000002fa80000)]
  0x0000000022c58000 JavaThread "WorkerExecutor Queue Thread 2" [_thread_blocked, id=21104, stack(0x000000002f880000,0x000000002f980000)]
  0x0000000022c53800 JavaThread "WorkerExecutor Queue" [_thread_blocked, id=6500, stack(0x000000002f780000,0x000000002f880000)]
  0x0000000022c57800 JavaThread "Cache worker for execution history cache (C:\Users\KAMAL NAYAN\AndroidStudioProjects\YozoTechnologies\.gradle\6.5\executionHistory)" [_thread_blocked, id=27720, stack(0x000000002e220000,0x000000002e320000)]
  0x0000000022c56800 JavaThread "Execution worker for ':' Thread 7" [_thread_blocked, id=13976, stack(0x000000002e120000,0x000000002e220000)]
  0x0000000022c56000 JavaThread "Execution worker for ':' Thread 6" [_thread_blocked, id=32004, stack(0x000000002e020000,0x000000002e120000)]
  0x0000000022c55000 JavaThread "Execution worker for ':' Thread 5" [_thread_blocked, id=26712, stack(0x000000002df20000,0x000000002e020000)]
  0x0000000022c4c000 JavaThread "Execution worker for ':' Thread 4" [_thread_in_Java, id=31612, stack(0x000000002de20000,0x000000002df20000)]
  0x0000000022c4e800 JavaThread "Execution worker for ':' Thread 3" [_thread_blocked, id=24836, stack(0x000000002ce50000,0x000000002cf50000)]
  0x0000000022c4b800 JavaThread "Execution worker for ':' Thread 2" [_thread_blocked, id=19048, stack(0x000000002cab0000,0x000000002cbb0000)]
  0x0000000022c4d800 JavaThread "Execution worker for ':'" [_thread_blocked, id=29032, stack(0x000000002c750000,0x000000002c850000)]
  0x0000000022c50000 JavaThread "Cache worker for file content cache (C:\Users\KAMAL NAYAN\AndroidStudioProjects\YozoTechnologies\.gradle\6.5\fileContent)" [_thread_blocked, id=9900, stack(0x000000002a840000,0x000000002a940000)]
  0x000000002337b800 JavaThread "Cache worker for Build Output Cleanup Cache (C:\Users\KAMAL NAYAN\AndroidStudioProjects\YozoTechnologies\.gradle\buildOutputCleanup)" [_thread_blocked, id=27860, stack(0x00000000299f0000,0x0000000029af0000)]
  0x000000002337a800 JavaThread "jar transforms Thread 736" [_thread_blocked, id=29500, stack(0x00000000298f0000,0x00000000299f0000)]
  0x000000002337a000 JavaThread "jar transforms Thread 735" [_thread_blocked, id=2044, stack(0x00000000297f0000,0x00000000298f0000)]
  0x0000000023379000 JavaThread "jar transforms Thread 734" [_thread_blocked, id=31640, stack(0x00000000296f0000,0x00000000297f0000)]
  0x0000000023378800 JavaThread "jar transforms Thread 733" [_thread_blocked, id=29816, stack(0x00000000295f0000,0x00000000296f0000)]
  0x0000000023377800 JavaThread "jar transforms Thread 732" [_thread_blocked, id=26724, stack(0x00000000294f0000,0x00000000295f0000)]
  0x0000000023370000 JavaThread "jar transforms Thread 731" [_thread_blocked, id=30340, stack(0x00000000293f0000,0x00000000294f0000)]
  0x0000000023377000 JavaThread "jar transforms Thread 730" [_thread_blocked, id=29420, stack(0x00000000292f0000,0x00000000293f0000)]
  0x0000000023375800 JavaThread "jar transforms Thread 729" [_thread_blocked, id=25416, stack(0x00000000291f0000,0x00000000292f0000)]
  0x0000000023374800 JavaThread "jar transforms Thread 728" [_thread_blocked, id=29676, stack(0x00000000290f0000,0x00000000291f0000)]
  0x0000000023376000 JavaThread "jar transforms Thread 727" [_thread_blocked, id=30156, stack(0x0000000028ff0000,0x00000000290f0000)]
  0x0000000023371000 JavaThread "jar transforms Thread 726" [_thread_blocked, id=26016, stack(0x0000000028ef0000,0x0000000028ff0000)]
  0x000000002336d000 JavaThread "jar transforms Thread 725" [_thread_blocked, id=32272, stack(0x0000000028df0000,0x0000000028ef0000)]
  0x0000000023374000 JavaThread "jar transforms Thread 724" [_thread_blocked, id=1408, stack(0x0000000028cf0000,0x0000000028df0000)]
  0x000000002336e800 JavaThread "jar transforms Thread 723" [_thread_blocked, id=30680, stack(0x0000000028bf0000,0x0000000028cf0000)]
  0x000000002336e000 JavaThread "jar transforms Thread 722" [_thread_blocked, id=12716, stack(0x0000000028af0000,0x0000000028bf0000)]
  0x000000002336c800 JavaThread "jar transforms Thread 721" [_thread_blocked, id=7600, stack(0x00000000289f0000,0x0000000028af0000)]
  0x000000002336f800 JavaThread "jar transforms Thread 720" [_thread_blocked, id=15928, stack(0x00000000288f0000,0x00000000289f0000)]
  0x0000000023371800 JavaThread "jar transforms Thread 719" [_thread_blocked, id=22004, stack(0x00000000287f0000,0x00000000288f0000)]
  0x0000000023372800 JavaThread "jar transforms Thread 718" [_thread_blocked, id=1764, stack(0x00000000286f0000,0x00000000287f0000)]
  0x000000003213c800 JavaThread "jar transforms Thread 717" [_thread_blocked, id=19564, stack(0x00000000285f0000,0x00000000286f0000)]
  0x000000003213b000 JavaThread "jar transforms Thread 716" [_thread_blocked, id=21056, stack(0x00000000284f0000,0x00000000285f0000)]
  0x0000000032141000 JavaThread "jar transforms Thread 715" [_thread_blocked, id=24316, stack(0x00000000283f0000,0x00000000284f0000)]
  0x0000000032139800 JavaThread "jar transforms Thread 714" [_thread_blocked, id=31152, stack(0x00000000282f0000,0x00000000283f0000)]
  0x000000003213e000 JavaThread "jar transforms Thread 713" [_thread_blocked, id=29952, stack(0x00000000281f0000,0x00000000282f0000)]
  0x000000003213c000 JavaThread "jar transforms Thread 712" [_thread_blocked, id=3740, stack(0x00000000280f0000,0x00000000281f0000)]
  0x000000003213a800 JavaThread "jar transforms Thread 711" [_thread_blocked, id=27284, stack(0x0000000027ff0000,0x00000000280f0000)]
  0x0000000032140800 JavaThread "jar transforms Thread 710" [_thread_blocked, id=16284, stack(0x0000000027ef0000,0x0000000027ff0000)]
  0x0000000032139000 JavaThread "jar transforms Thread 709" [_thread_blocked, id=23556, stack(0x0000000027df0000,0x0000000027ef0000)]
  0x000000003213f000 JavaThread "jar transforms Thread 708" [_thread_blocked, id=31240, stack(0x0000000027cf0000,0x0000000027df0000)]
  0x000000003213f800 JavaThread "jar transforms Thread 707" [_thread_blocked, id=19628, stack(0x0000000027bf0000,0x0000000027cf0000)]
  0x000000003213d800 JavaThread "jar transforms Thread 706" [_thread_blocked, id=20620, stack(0x0000000027af0000,0x0000000027bf0000)]
  0x0000000032131800 JavaThread "jar transforms Thread 705" [_thread_blocked, id=25364, stack(0x00000000279f0000,0x0000000027af0000)]
  0x0000000032138000 JavaThread "jar transforms Thread 704" [_thread_blocked, id=15776, stack(0x00000000278f0000,0x00000000279f0000)]
  0x0000000032133000 JavaThread "jar transforms Thread 703" [_thread_blocked, id=18196, stack(0x00000000277f0000,0x00000000278f0000)]
  0x0000000032137800 JavaThread "jar transforms Thread 702" [_thread_blocked, id=16464, stack(0x00000000276f0000,0x00000000277f0000)]
  0x0000000032136800 JavaThread "jar transforms Thread 701" [_thread_blocked, id=26192, stack(0x00000000275f0000,0x00000000276f0000)]
  0x0000000032132000 JavaThread "jar transforms Thread 700" [_thread_blocked, id=6968, stack(0x00000000274f0000,0x00000000275f0000)]
  0x0000000032130800 JavaThread "jar transforms Thread 699" [_thread_blocked, id=11052, stack(0x00000000273f0000,0x00000000274f0000)]
  0x0000000032136000 JavaThread "jar transforms Thread 698" [_thread_blocked, id=21320, stack(0x00000000272f0000,0x00000000273f0000)]
  0x000000003212f000 JavaThread "jar transforms Thread 697" [_thread_blocked, id=1612, stack(0x00000000271f0000,0x00000000272f0000)]
  0x000000003212e800 JavaThread "jar transforms Thread 696" [_thread_blocked, id=7208, stack(0x00000000270f0000,0x00000000271f0000)]
  0x0000000032135000 JavaThread "jar transforms Thread 695" [_thread_blocked, id=16564, stack(0x0000000026ff0000,0x00000000270f0000)]
  0x0000000032130000 JavaThread "jar transforms Thread 694" [_thread_blocked, id=32480, stack(0x0000000026ef0000,0x0000000026ff0000)]
  0x0000000032134800 JavaThread "jar transforms Thread 693" [_thread_blocked, id=23728, stack(0x0000000026df0000,0x0000000026ef0000)]
  0x0000000032133800 JavaThread "jar transforms Thread 692" [_thread_blocked, id=3636, stack(0x0000000026cf0000,0x0000000026df0000)]
  0x0000000032127000 JavaThread "jar transforms Thread 691" [_thread_blocked, id=15904, stack(0x0000000026bf0000,0x0000000026cf0000)]
  0x000000003212d800 JavaThread "jar transforms Thread 690" [_thread_blocked, id=19700, stack(0x0000000026af0000,0x0000000026bf0000)]
  0x000000003212d000 JavaThread "jar transforms Thread 689" [_thread_blocked, id=23348, stack(0x00000000269f0000,0x0000000026af0000)]
  0x0000000032125800 JavaThread "jar transforms Thread 688" [_thread_blocked, id=18668, stack(0x00000000268f0000,0x00000000269f0000)]
  0x000000003212c000 JavaThread "jar transforms Thread 687" [_thread_blocked, id=31968, stack(0x00000000267f0000,0x00000000268f0000)]
  0x000000003212a000 JavaThread "jar transforms Thread 686" [_thread_blocked, id=10768, stack(0x00000000266f0000,0x00000000267f0000)]
  0x0000000032129000 JavaThread "jar transforms Thread 685" [_thread_blocked, id=2040, stack(0x00000000265f0000,0x00000000266f0000)]
  0x000000003212b800 JavaThread "jar transforms Thread 684" [_thread_blocked, id=31712, stack(0x00000000264f0000,0x00000000265f0000)]
  0x0000000032124000 JavaThread "jar transforms Thread 683" [_thread_blocked, id=24892, stack(0x00000000263f0000,0x00000000264f0000)]
  0x000000003212a800 JavaThread "jar transforms Thread 682" [_thread_blocked, id=27732, stack(0x00000000262f0000,0x00000000263f0000)]
  0x0000000017b36000 JavaThread "jar transforms Thread 681" [_thread_blocked, id=19576, stack(0x00000000261f0000,0x00000000262f0000)]
  0x0000000017b35000 JavaThread "jar transforms Thread 680" [_thread_blocked, id=31404, stack(0x00000000260f0000,0x00000000261f0000)]
  0x0000000017b2d800 JavaThread "jar transforms Thread 679" [_thread_blocked, id=22008, stack(0x0000000025ff0000,0x00000000260f0000)]
  0x0000000017b34800 JavaThread "jar transforms Thread 678" [_thread_blocked, id=4564, stack(0x0000000025ef0000,0x0000000025ff0000)]
  0x0000000017b33800 JavaThread "jar transforms Thread 677" [_thread_blocked, id=4356, stack(0x0000000025df0000,0x0000000025ef0000)]
  0x0000000017b33000 JavaThread "jar transforms Thread 676" [_thread_blocked, id=4504, stack(0x0000000025cf0000,0x0000000025df0000)]
  0x0000000017b2b800 JavaThread "jar transforms Thread 675" [_thread_blocked, id=26756, stack(0x0000000025bf0000,0x0000000025cf0000)]
  0x0000000017b32000 JavaThread "jar transforms Thread 674" [_thread_blocked, id=32760, stack(0x0000000025af0000,0x0000000025bf0000)]
  0x0000000017b2a800 JavaThread "jar transforms Thread 673" [_thread_blocked, id=11348, stack(0x00000000259f0000,0x0000000025af0000)]
  0x0000000017b2d000 JavaThread "jar transforms Thread 672" [_thread_blocked, id=5032, stack(0x00000000258f0000,0x00000000259f0000)]
  0x0000000017b2f000 JavaThread "jar transforms Thread 671" [_thread_blocked, id=25660, stack(0x00000000257f0000,0x00000000258f0000)]
  0x0000000017b2e800 JavaThread "jar transforms Thread 670" [_thread_blocked, id=10540, stack(0x00000000256f0000,0x00000000257f0000)]
  0x0000000017b31800 JavaThread "jar transforms Thread 669" [_thread_blocked, id=24080, stack(0x00000000255f0000,0x00000000256f0000)]
  0x0000000017b30000 JavaThread "jar transforms Thread 668" [_thread_blocked, id=19648, stack(0x00000000254f0000,0x00000000255f0000)]
  0x0000000017b2a000 JavaThread "jar transforms Thread 667" [_thread_blocked, id=1564, stack(0x00000000253f0000,0x00000000254f0000)]
  0x0000000017b30800 JavaThread "jar transforms Thread 666" [_thread_blocked, id=24500, stack(0x00000000240a0000,0x00000000241a0000)]
  0x0000000017b2c000 JavaThread "jar transforms Thread 665" [_thread_blocked, id=32160, stack(0x0000000023fa0000,0x00000000240a0000)]
  0x0000000017b22800 JavaThread "jar transforms Thread 664" [_thread_blocked, id=26412, stack(0x0000000023ea0000,0x0000000023fa0000)]
  0x0000000017b23000 JavaThread "jar transforms Thread 663" [_thread_blocked, id=32192, stack(0x0000000023da0000,0x0000000023ea0000)]
  0x0000000017b29000 JavaThread "jar transforms Thread 662" [_thread_blocked, id=23404, stack(0x00000000224b0000,0x00000000225b0000)]
  0x0000000017b28800 JavaThread "jar transforms Thread 661" [_thread_blocked, id=16580, stack(0x00000000219b0000,0x0000000021ab0000)]
  0x0000000017b25800 JavaThread "jar transforms Thread 660" [_thread_blocked, id=29660, stack(0x00000000215c0000,0x00000000216c0000)]
  0x0000000017b27000 JavaThread "jar transforms Thread 659" [_thread_blocked, id=29068, stack(0x00000000214c0000,0x00000000215c0000)]
  0x0000000017b26000 JavaThread "jar transforms Thread 658" [_thread_blocked, id=15796, stack(0x00000000213c0000,0x00000000214c0000)]
  0x0000000017b27800 JavaThread "jar transforms Thread 657" [_thread_blocked, id=13640, stack(0x00000000212c0000,0x00000000213c0000)]
  0x0000000017b24000 JavaThread "jar transforms Thread 656" [_thread_blocked, id=14532, stack(0x00000000211c0000,0x00000000212c0000)]
  0x0000000017b24800 JavaThread "jar transforms Thread 655" [_thread_blocked, id=17704, stack(0x00000000210c0000,0x00000000211c0000)]
  0x0000000017b21000 JavaThread "jar transforms Thread 654" [_thread_blocked, id=20448, stack(0x0000000020fc0000,0x00000000210c0000)]
  0x0000000017b21800 JavaThread "jar transforms Thread 653" [_thread_blocked, id=18864, stack(0x0000000020ec0000,0x0000000020fc0000)]
  0x0000000017b19800 JavaThread "jar transforms Thread 652" [_thread_blocked, id=17524, stack(0x0000000020dc0000,0x0000000020ec0000)]
  0x0000000017b20000 JavaThread "jar transforms Thread 651" [_thread_blocked, id=29972, stack(0x0000000020cc0000,0x0000000020dc0000)]
  0x0000000017b1d000 JavaThread "jar transforms Thread 650" [_thread_blocked, id=17796, stack(0x0000000020bc0000,0x0000000020cc0000)]
  0x0000000017b1f800 JavaThread "jar transforms Thread 649" [_thread_blocked, id=25356, stack(0x0000000020ac0000,0x0000000020bc0000)]
  0x0000000017b1b800 JavaThread "jar transforms Thread 648" [_thread_blocked, id=23504, stack(0x00000000209c0000,0x0000000020ac0000)]
  0x0000000017b18800 JavaThread "jar transforms Thread 647" [_thread_blocked, id=23568, stack(0x00000000208c0000,0x00000000209c0000)]
  0x0000000017b1a000 JavaThread "jar transforms Thread 646" [_thread_blocked, id=14824, stack(0x00000000207c0000,0x00000000208c0000)]
  0x0000000017b1e800 JavaThread "jar transforms Thread 645" [_thread_blocked, id=17572, stack(0x00000000206c0000,0x00000000207c0000)]
  0x0000000017b18000 JavaThread "Build operations Thread 8" [_thread_blocked, id=13800, stack(0x00000000205c0000,0x00000000206c0000)]
  0x0000000017b1e000 JavaThread "Build operations Thread 7" [_thread_blocked, id=21836, stack(0x00000000204c0000,0x00000000205c0000)]
  0x0000000017b1c800 JavaThread "Build operations Thread 6" [_thread_blocked, id=28408, stack(0x00000000203c0000,0x00000000204c0000)]
  0x000000001f24a000 JavaThread "Build operations Thread 5" [_thread_blocked, id=10176, stack(0x00000000202c0000,0x00000000203c0000)]
  0x000000001f249800 JavaThread "Build operations Thread 4" [_thread_blocked, id=18428, stack(0x00000000201c0000,0x00000000202c0000)]
  0x000000001f242000 JavaThread "Build operations Thread 3" [_thread_blocked, id=27964, stack(0x00000000200c0000,0x00000000201c0000)]
  0x000000001f248800 JavaThread "Build operations Thread 2" [_thread_blocked, id=22844, stack(0x000000001ffc0000,0x00000000200c0000)]
  0x000000001f241000 JavaThread "Build operations" [_thread_blocked, id=17884, stack(0x000000001fec0000,0x000000001ffc0000)]
  0x000000001f248000 JavaThread "Cache worker for cache directory md-rule (C:\Users\KAMAL NAYAN\.gradle\caches\6.5\md-rule)" [_thread_blocked, id=28128, stack(0x000000001fdc0000,0x000000001fec0000)]
  0x000000001f240800 JavaThread "Cache worker for cache directory md-supplier (C:\Users\KAMAL NAYAN\.gradle\caches\6.5\md-supplier)" [_thread_blocked, id=22548, stack(0x000000001fcc0000,0x000000001fdc0000)]
  0x000000001f244000 JavaThread "Cache worker for checksums cache (C:\Users\KAMAL NAYAN\AndroidStudioProjects\YozoTechnologies\.gradle\checksums)" [_thread_blocked, id=13964, stack(0x000000001c050000,0x000000001c150000)]
  0x000000001f242800 JavaThread "Cache worker for file hash cache (C:\Users\KAMAL NAYAN\AndroidStudioProjects\YozoTechnologies\.gradle\6.5\fileHashes)" [_thread_blocked, id=14752, stack(0x000000001be50000,0x000000001bf50000)]
  0x000000001f247000 JavaThread "Thread-1029" [_thread_blocked, id=22764, stack(0x000000001bd50000,0x000000001be50000)]
  0x000000001f23f800 JavaThread "Stdin handler" [_thread_blocked, id=11328, stack(0x000000001bc50000,0x000000001bd50000)]
  0x000000001f23c800 JavaThread "Asynchronous log dispatcher for DefaultDaemonConnection: socket connection from /127.0.0.1:49672 to /127.0.0.1:49959" [_thread_blocked, id=16500, stack(0x000000001b610000,0x000000001b710000)]
  0x000000001f243800 JavaThread "Daemon worker Thread 8" [_thread_blocked, id=24596, stack(0x000000001b510000,0x000000001b610000)]
  0x000000001f23d800 JavaThread "Cancel handler" [_thread_blocked, id=30556, stack(0x0000000001230000,0x0000000001330000)]
  0x000000001f23f000 JavaThread "Handler for socket connection from /127.0.0.1:49672 to /127.0.0.1:49959" [_thread_in_native, id=26528, stack(0x0000000001130000,0x0000000001230000)]
  0x000000001f23e000 JavaThread "Daemon Thread 8" [_thread_blocked, id=28472, stack(0x0000000001030000,0x0000000001130000)]
  0x0000000032127800 JavaThread "Cache worker for Java compile cache (C:\Users\KAMAL NAYAN\.gradle\caches\6.5\javaCompile)" [_thread_blocked, id=10428, stack(0x000000002e4a0000,0x000000002e5a0000)]
  0x0000000022bdf800 JavaThread "Memory manager" [_thread_blocked, id=32292, stack(0x000000002a0f0000,0x000000002a1f0000)]
  0x000000001a959800 JavaThread "Cache worker for file content cache (C:\Users\KAMAL NAYAN\.gradle\caches\6.5\fileContent)" [_thread_blocked, id=23292, stack(0x00000000223b0000,0x00000000224b0000)]
  0x000000001a95c000 JavaThread "Cache worker for execution history cache (C:\Users\KAMAL NAYAN\.gradle\caches\6.5\executionHistory)" [_thread_blocked, id=24628, stack(0x0000000021eb0000,0x0000000021fb0000)]
  0x000000001a4f8000 JavaThread "Cache worker for file hash cache (C:\Users\KAMAL NAYAN\.gradle\caches\6.5\fileHashes)" [_thread_blocked, id=31980, stack(0x000000001c850000,0x000000001c950000)]
  0x000000001a4fb000 JavaThread "File lock request listener" [_thread_in_native, id=18028, stack(0x000000001c750000,0x000000001c850000)]
  0x00000000193d9000 JavaThread "Cache worker for journal cache (C:\Users\KAMAL NAYAN\.gradle\caches\journal-1)" [_thread_blocked, id=20896, stack(0x000000001c650000,0x000000001c750000)]
  0x000000001a667000 JavaThread "Daemon periodic checks" [_thread_blocked, id=10616, stack(0x000000001b950000,0x000000001ba50000)]
  0x000000001a3fb000 JavaThread "Incoming local TCP Connector on port 49672" [_thread_in_native, id=18836, stack(0x000000001b710000,0x000000001b810000)]
  0x000000001a75a800 JavaThread "Daemon health stats" [_thread_blocked, id=28488, stack(0x0000000019ed0000,0x0000000019fd0000)]
  0x00000000178d1000 JavaThread "Service Thread" daemon [_thread_blocked, id=20840, stack(0x0000000018500000,0x0000000018600000)]
  0x000000001784b000 JavaThread "C1 CompilerThread3" daemon [_thread_blocked, id=19516, stack(0x0000000018400000,0x0000000018500000)]
  0x0000000017847000 JavaThread "C2 CompilerThread2" daemon [_thread_blocked, id=14736, stack(0x0000000018300000,0x0000000018400000)]
=>0x0000000017835800 JavaThread "C2 CompilerThread1" daemon [_thread_in_native, id=31424, stack(0x0000000018200000,0x0000000018300000)]
  0x0000000017832800 JavaThread "C2 CompilerThread0" daemon [_thread_blocked, id=508, stack(0x0000000018100000,0x0000000018200000)]
  0x0000000017830000 JavaThread "Attach Listener" daemon [_thread_blocked, id=23864, stack(0x0000000018000000,0x0000000018100000)]
  0x000000001782f000 JavaThread "Signal Dispatcher" daemon [_thread_blocked, id=30816, stack(0x0000000017f00000,0x0000000018000000)]
  0x0000000017821800 JavaThread "Finalizer" daemon [_thread_blocked, id=7040, stack(0x0000000017d00000,0x0000000017e00000)]
  0x0000000017820800 JavaThread "Reference Handler" daemon [_thread_blocked, id=28308, stack(0x0000000017c00000,0x0000000017d00000)]
  0x0000000002f0e800 JavaThread "main" [_thread_blocked, id=3816, stack(0x0000000002bf0000,0x0000000002cf0000)]

Other Threads:
  0x0000000015a28000 VMThread [stack: 0x0000000017700000,0x0000000017800000] [id=29916]
  0x00000000178d2000 WatcherThread [stack: 0x0000000018600000,0x0000000018700000] [id=30332]

VM state:not at safepoint (normal execution)

VM Mutex/Monitor currently owned by a thread: None

heap address: 0x00000000c0000000, size: 1024 MB, Compressed Oops mode: 32-bit
Narrow klass base: 0x0000000000000000, Narrow klass shift: 3
Compressed class space size: 1073741824 Address: 0x0000000100000000

Heap:
 PSYoungGen      total 275456K, used 118407K [0x00000000eab00000, 0x0000000100000000, 0x0000000100000000)
  eden space 215040K, 30% used [0x00000000eab00000,0x00000000eeb50db0,0x00000000f7d00000)
  from space 60416K, 86% used [0x00000000fc480000,0x00000000ff7d0fc8,0x00000000fff80000)
  to   space 67072K, 0% used [0x00000000f7d00000,0x00000000f7d00000,0x00000000fbe80000)
 ParOldGen       total 345088K, used 179290K [0x00000000c0000000, 0x00000000d5100000, 0x00000000eab00000)
  object space 345088K, 51% used [0x00000000c0000000,0x00000000caf16a28,0x00000000d5100000)
 Metaspace       used 117988K, capacity 125200K, committed 125644K, reserved 1159168K
  class space    used 15037K, capacity 16418K, committed 16628K, reserved 1048576K

Card table byte_map: [0x00000000122d0000,0x00000000124e0000] byte_map_base: 0x0000000011cd0000

Marking Bits: (ParMarkBitMap*) 0x000000006535f030
 Begin Bits: [0x0000000012e40000, 0x0000000013e40000)
 End Bits:   [0x0000000013e40000, 0x0000000014e40000)

Polling page: 0x0000000002cf0000

CodeCache: size=245760Kb used=81468Kb max_used=81468Kb free=164291Kb
 bounds [0x0000000002f10000, 0x0000000007f10000, 0x0000000011f10000]
 total_blobs=23821 nmethods=22864 adapters=867
 compilation: enabled

Compilation events (10 events):
Event: 2208.760 Thread 0x000000001784b000 29532       3       java.util.concurrent.TimeUnit$5::toNanos (11 bytes)
Event: 2208.760 Thread 0x000000001784b000 nmethod 29532 0x0000000007eb2710 code [0x0000000007eb2880, 0x0000000007eb2af0]
Event: 2208.764 Thread 0x000000001784b000 29533       3       com.android.builder.internal.aapt.v2.Aapt2DaemonImpl$processOutput$1::err (11 bytes)
Event: 2208.764 Thread 0x000000001784b000 nmethod 29533 0x0000000007ee6a10 code [0x0000000007ee6b80, 0x0000000007ee6da8]
Event: 2208.768 Thread 0x000000001784b000 29534   !   3       com.android.builder.internal.aapt.v2.Aapt2Daemon::checkStarted (268 bytes)
Event: 2208.776 Thread 0x000000001784b000 nmethod 29534 0x0000000007f04410 code [0x0000000007f04900, 0x0000000007f07518]
Event: 2208.776 Thread 0x000000001784b000 29535       3       com.android.builder.internal.aapt.v2.Aapt2DaemonImpl$WaitForTaskCompletion::<init> (41 bytes)
Event: 2208.777 Thread 0x000000001784b000 nmethod 29535 0x0000000007ee5e50 code [0x0000000007ee6020, 0x0000000007ee6678]
Event: 2208.777 Thread 0x000000001784b000 29536       3       com.android.builder.internal.aapt.v2.Aapt2DaemonManager$LeasedAaptDaemon::compile (38 bytes)
Event: 2208.778 Thread 0x000000001784b000 nmethod 29536 0x0000000007ee5310 code [0x0000000007ee54e0, 0x0000000007ee5b68]

GC Heap History (10 events):
Event: 1519.597 GC heap before
{Heap before GC invocations=45 (full 5):
 PSYoungGen      total 271360K, used 228618K [0x00000000eab00000, 0x00000000ffc80000, 0x0000000100000000)
  eden space 203264K, 100% used [0x00000000eab00000,0x00000000f7180000,0x00000000f7180000)
  from space 68096K, 37% used [0x00000000f7180000,0x00000000f8a42838,0x00000000fb400000)
  to   space 65024K, 0% used [0x00000000fbd00000,0x00000000fbd00000,0x00000000ffc80000)
 ParOldGen       total 345088K, used 179250K [0x00000000c0000000, 0x00000000d5100000, 0x00000000eab00000)
  object space 345088K, 51% used [0x00000000c0000000,0x00000000caf0ca28,0x00000000d5100000)
 Metaspace       used 117141K, capacity 123936K, committed 124364K, reserved 1157120K
  class space    used 14986K, capacity 16338K, committed 16628K, reserved 1048576K
Event: 1519.625 GC heap after
Heap after GC invocations=45 (full 5):
 PSYoungGen      total 279552K, used 31271K [0x00000000eab00000, 0x00000000ffb00000, 0x0000000100000000)
  eden space 216064K, 0% used [0x00000000eab00000,0x00000000eab00000,0x00000000f7e00000)
  from space 63488K, 49% used [0x00000000fbd00000,0x00000000fdb89c48,0x00000000ffb00000)
  to   space 64000K, 0% used [0x00000000f7e00000,0x00000000f7e00000,0x00000000fbc80000)
 ParOldGen       total 345088K, used 179258K [0x00000000c0000000, 0x00000000d5100000, 0x00000000eab00000)
  object space 345088K, 51% used [0x00000000c0000000,0x00000000caf0ea28,0x00000000d5100000)
 Metaspace       used 117141K, capacity 123936K, committed 124364K, reserved 1157120K
  class space    used 14986K, capacity 16338K, committed 16628K, reserved 1048576K
}
Event: 1645.481 GC heap before
{Heap before GC invocations=46 (full 5):
 PSYoungGen      total 279552K, used 247335K [0x00000000eab00000, 0x00000000ffb00000, 0x0000000100000000)
  eden space 216064K, 100% used [0x00000000eab00000,0x00000000f7e00000,0x00000000f7e00000)
  from space 63488K, 49% used [0x00000000fbd00000,0x00000000fdb89c48,0x00000000ffb00000)
  to   space 64000K, 0% used [0x00000000f7e00000,0x00000000f7e00000,0x00000000fbc80000)
 ParOldGen       total 345088K, used 179258K [0x00000000c0000000, 0x00000000d5100000, 0x00000000eab00000)
  object space 345088K, 51% used [0x00000000c0000000,0x00000000caf0ea28,0x00000000d5100000)
 Metaspace       used 117303K, capacity 124134K, committed 124620K, reserved 1157120K
  class space    used 14994K, capacity 16349K, committed 16628K, reserved 1048576K
Event: 1645.507 GC heap after
Heap after GC invocations=46 (full 5):
 PSYoungGen      total 280064K, used 22100K [0x00000000eab00000, 0x00000000ff880000, 0x0000000100000000)
  eden space 216064K, 0% used [0x00000000eab00000,0x00000000eab00000,0x00000000f7e00000)
  from space 64000K, 34% used [0x00000000f7e00000,0x00000000f9395210,0x00000000fbc80000)
  to   space 59904K, 0% used [0x00000000fbe00000,0x00000000fbe00000,0x00000000ff880000)
 ParOldGen       total 345088K, used 179266K [0x00000000c0000000, 0x00000000d5100000, 0x00000000eab00000)
  object space 345088K, 51% used [0x00000000c0000000,0x00000000caf10a28,0x00000000d5100000)
 Metaspace       used 117303K, capacity 124134K, committed 124620K, reserved 1157120K
  class space    used 14994K, capacity 16349K, committed 16628K, reserved 1048576K
}
Event: 1647.074 GC heap before
{Heap before GC invocations=47 (full 5):
 PSYoungGen      total 280064K, used 238164K [0x00000000eab00000, 0x00000000ff880000, 0x0000000100000000)
  eden space 216064K, 100% used [0x00000000eab00000,0x00000000f7e00000,0x00000000f7e00000)
  from space 64000K, 34% used [0x00000000f7e00000,0x00000000f9395210,0x00000000fbc80000)
  to   space 59904K, 0% used [0x00000000fbe00000,0x00000000fbe00000,0x00000000ff880000)
 ParOldGen       total 345088K, used 179266K [0x00000000c0000000, 0x00000000d5100000, 0x00000000eab00000)
  object space 345088K, 51% used [0x00000000c0000000,0x00000000caf10a28,0x00000000d5100000)
 Metaspace       used 117556K, capacity 124586K, committed 125132K, reserved 1157120K
  class space    used 15006K, capacity 16369K, committed 16628K, reserved 1048576K
Event: 1647.103 GC heap after
Heap after GC invocations=47 (full 5):
 PSYoungGen      total 280064K, used 37067K [0x00000000eab00000, 0x00000000fff00000, 0x0000000100000000)
  eden space 220160K, 0% used [0x00000000eab00000,0x00000000eab00000,0x00000000f8200000)
  from space 59904K, 61% used [0x00000000fbe00000,0x00000000fe232ff8,0x00000000ff880000)
  to   space 61440K, 0% used [0x00000000f8200000,0x00000000f8200000,0x00000000fbe00000)
 ParOldGen       total 345088K, used 179274K [0x00000000c0000000, 0x00000000d5100000, 0x00000000eab00000)
  object space 345088K, 51% used [0x00000000c0000000,0x00000000caf12a28,0x00000000d5100000)
 Metaspace       used 117556K, capacity 124586K, committed 125132K, reserved 1157120K
  class space    used 15006K, capacity 16369K, committed 16628K, reserved 1048576K
}
Event: 1674.390 GC heap before
{Heap before GC invocations=48 (full 5):
 PSYoungGen      total 280064K, used 257227K [0x00000000eab00000, 0x00000000fff00000, 0x0000000100000000)
  eden space 220160K, 100% used [0x00000000eab00000,0x00000000f8200000,0x00000000f8200000)
  from space 59904K, 61% used [0x00000000fbe00000,0x00000000fe232ff8,0x00000000ff880000)
  to   space 61440K, 0% used [0x00000000f8200000,0x00000000f8200000,0x00000000fbe00000)
 ParOldGen       total 345088K, used 179274K [0x00000000c0000000, 0x00000000d5100000, 0x00000000eab00000)
  object space 345088K, 51% used [0x00000000c0000000,0x00000000caf12a28,0x00000000d5100000)
 Metaspace       used 117764K, capacity 124888K, committed 125132K, reserved 1157120K
  class space    used 15026K, capacity 16400K, committed 16628K, reserved 1048576K
Event: 1674.408 GC heap after
Heap after GC invocations=48 (full 5):
 PSYoungGen      total 281600K, used 30843K [0x00000000eab00000, 0x00000000fff80000, 0x0000000100000000)
  eden space 220160K, 0% used [0x00000000eab00000,0x00000000eab00000,0x00000000f8200000)
  from space 61440K, 50% used [0x00000000f8200000,0x00000000fa01ed08,0x00000000fbe00000)
  to   space 60416K, 0% used [0x00000000fc480000,0x00000000fc480000,0x00000000fff80000)
 ParOldGen       total 345088K, used 179282K [0x00000000c0000000, 0x00000000d5100000, 0x00000000eab00000)
  object space 345088K, 51% used [0x00000000c0000000,0x00000000caf14a28,0x00000000d5100000)
 Metaspace       used 117764K, capacity 124888K, committed 125132K, reserved 1157120K
  class space    used 15026K, capacity 16400K, committed 16628K, reserved 1048576K
}
Event: 2207.137 GC heap before
{Heap before GC invocations=49 (full 5):
 PSYoungGen      total 281600K, used 251003K [0x00000000eab00000, 0x00000000fff80000, 0x0000000100000000)
  eden space 220160K, 100% used [0x00000000eab00000,0x00000000f8200000,0x00000000f8200000)
  from space 61440K, 50% used [0x00000000f8200000,0x00000000fa01ed08,0x00000000fbe00000)
  to   space 60416K, 0% used [0x00000000fc480000,0x00000000fc480000,0x00000000fff80000)
 ParOldGen       total 345088K, used 179282K [0x00000000c0000000, 0x00000000d5100000, 0x00000000eab00000)
  object space 345088K, 51% used [0x00000000c0000000,0x00000000caf14a28,0x00000000d5100000)
 Metaspace       used 117921K, capacity 125100K, committed 125388K, reserved 1159168K
  class space    used 15034K, capacity 16412K, committed 16628K, reserved 1048576K
Event: 2207.283 GC heap after
Heap after GC invocations=49 (full 5):
 PSYoungGen      total 275456K, used 52547K [0x00000000eab00000, 0x0000000100000000, 0x0000000100000000)
  eden space 215040K, 0% used [0x00000000eab00000,0x00000000eab00000,0x00000000f7d00000)
  from space 60416K, 86% used [0x00000000fc480000,0x00000000ff7d0fc8,0x00000000fff80000)
  to   space 67072K, 0% used [0x00000000f7d00000,0x00000000f7d00000,0x00000000fbe80000)
 ParOldGen       total 345088K, used 179290K [0x00000000c0000000, 0x00000000d5100000, 0x00000000eab00000)
  object space 345088K, 51% used [0x00000000c0000000,0x00000000caf16a28,0x00000000d5100000)
 Metaspace       used 117921K, capacity 125100K, committed 125388K, reserved 1159168K
  class space    used 15034K, capacity 16412K, committed 16628K, reserved 1048576K
}

Deoptimization events (10 events):
Event: 1674.512 Thread 0x0000000017b22800 Uncommon trap: reason=class_check action=maybe_recompile pc=0x0000000007462f2c method=org.gradle.internal.fingerprint.classpath.impl.ClasspathFingerprintingStrategy$ClasspathContentFingerprintingVisitor.visitFile(Lorg/gradle/internal/snapshot/CompleteFile
Event: 2206.011 Thread 0x0000000022c4d800 Uncommon trap: reason=class_check action=maybe_recompile pc=0x0000000005ed4938 method=com.sun.org.apache.xerces.internal.dom.NamedNodeMapImpl.getNamedItem(Ljava/lang/String;)Lorg/w3c/dom/Node; @ 28
Event: 2206.011 Thread 0x0000000022c4d800 Uncommon trap: reason=class_check action=maybe_recompile pc=0x0000000005ed4938 method=com.sun.org.apache.xerces.internal.dom.NamedNodeMapImpl.getNamedItem(Ljava/lang/String;)Lorg/w3c/dom/Node; @ 28
Event: 2206.011 Thread 0x0000000022c4d800 Uncommon trap: reason=class_check action=maybe_recompile pc=0x0000000005ed4938 method=com.sun.org.apache.xerces.internal.dom.NamedNodeMapImpl.getNamedItem(Ljava/lang/String;)Lorg/w3c/dom/Node; @ 28
Event: 2206.011 Thread 0x0000000022c4d800 Uncommon trap: reason=class_check action=maybe_recompile pc=0x0000000005ed4938 method=com.sun.org.apache.xerces.internal.dom.NamedNodeMapImpl.getNamedItem(Ljava/lang/String;)Lorg/w3c/dom/Node; @ 28
Event: 2206.172 Thread 0x0000000022c4d800 Uncommon trap: reason=unstable_if action=reinterpret pc=0x00000000055d891c method=com.sun.org.apache.xerces.internal.impl.XMLEntityScanner.scanContent(Lcom/sun/org/apache/xerces/internal/xni/XMLString;)I @ 670
Event: 2206.172 Thread 0x0000000022c4d800 Uncommon trap: reason=unstable_if action=reinterpret pc=0x0000000004cb2d8c method=com.sun.org.apache.xerces.internal.impl.XMLEntityScanner.scanContent(Lcom/sun/org/apache/xerces/internal/xni/XMLString;)I @ 670
Event: 2207.318 Thread 0x0000000022c4d800 Uncommon trap: reason=unstable_if action=reinterpret pc=0x0000000005e300d0 method=com.sun.org.apache.xerces.internal.dom.NodeImpl.setOwnerDocument(Lcom/sun/org/apache/xerces/internal/dom/CoreDocumentImpl;)V @ 4
Event: 2207.319 Thread 0x0000000022c4d800 Uncommon trap: reason=unstable_if action=reinterpret pc=0x0000000005dff92c method=com.sun.org.apache.xerces.internal.dom.NodeImpl.setOwnerDocument(Lcom/sun/org/apache/xerces/internal/dom/CoreDocumentImpl;)V @ 4
Event: 2207.319 Thread 0x0000000022c4d800 Uncommon trap: reason=unstable_if action=reinterpret pc=0x0000000005d91608 method=com.sun.org.apache.xerces.internal.dom.NodeImpl.setOwnerDocument(Lcom/sun/org/apache/xerces/internal/dom/CoreDocumentImpl;)V @ 4

Classes redefined (0 events):
No events

Internal exceptions (10 events):
Event: 1674.032 Thread 0x0000000017b22800 Exception <a 'sun/nio/fs/WindowsException'> (0x00000000f3906938) thrown at [C:\src\AOSP-openjdk-git\hotspot\src\share\vm\prims\jni.cpp, line 710]
Event: 1674.032 Thread 0x0000000017b22800 Exception <a 'sun/nio/fs/WindowsException'> (0x00000000f3907698) thrown at [C:\src\AOSP-openjdk-git\hotspot\src\share\vm\prims\jni.cpp, line 710]
Event: 1674.295 Thread 0x0000000017b22800 Exception <a 'sun/nio/fs/WindowsException'> (0x00000000f5d67cb0) thrown at [C:\src\AOSP-openjdk-git\hotspot\src\share\vm\prims\jni.cpp, line 710]
Event: 1674.295 Thread 0x0000000017b22800 Exception <a 'sun/nio/fs/WindowsException'> (0x00000000f5d689f0) thrown at [C:\src\AOSP-openjdk-git\hotspot\src\share\vm\prims\jni.cpp, line 710]
Event: 1674.356 Thread 0x000000001f23d800 Exception <a 'sun/nio/fs/WindowsException'> (0x00000000f7374510) thrown at [C:\src\AOSP-openjdk-git\hotspot\src\share\vm\prims\jni.cpp, line 710]
Event: 1674.362 Thread 0x000000001f23d800 Exception <a 'sun/nio/fs/WindowsException'> (0x00000000f74146e0) thrown at [C:\src\AOSP-openjdk-git\hotspot\src\share\vm\prims\jni.cpp, line 710]
Event: 1674.381 Thread 0x000000001f241000 Exception <a 'sun/nio/fs/WindowsException'> (0x00000000f7a30848) thrown at [C:\src\AOSP-openjdk-git\hotspot\src\share\vm\prims\jni.cpp, line 710]
Event: 1674.497 Thread 0x000000001f243800 Exception <a 'sun/nio/fs/WindowsException'> (0x00000000ebdfc968) thrown at [C:\src\AOSP-openjdk-git\hotspot\src\share\vm\prims\jni.cpp, line 710]
Event: 1674.498 Thread 0x000000001f249800 Exception <a 'java/lang/InterruptedException'> (0x00000000eb440bc0) thrown at [C:\src\AOSP-openjdk-git\hotspot\src\share\vm\runtime\objectMonitor.cpp, line 1491]
Event: 2205.707 Thread 0x000000001f243800 Exception <a 'sun/nio/fs/WindowsException'> (0x00000000ee3c34d0) thrown at [C:\src\AOSP-openjdk-git\hotspot\src\share\vm\prims\jni.cpp, line 710]

Events (10 events):
Event: 2208.618 Thread 0x000000001d930000 Thread added: 0x000000001d930000
Event: 2208.618 Thread 0x000000001d93a000 Thread added: 0x000000001d93a000
Event: 2208.621 Thread 0x000000001d939000 Thread added: 0x000000001d939000
Event: 2208.621 Thread 0x000000001d93b800 Thread added: 0x000000001d93b800
Event: 2208.624 Thread 0x000000001d937800 Thread added: 0x000000001d937800
Event: 2208.624 Thread 0x000000001d938800 Thread added: 0x000000001d938800
Event: 2208.626 Thread 0x000000001d93d000 Thread added: 0x000000001d93d000
Event: 2208.627 Thread 0x000000001a95e000 Thread added: 0x000000001a95e000
Event: 2208.629 Thread 0x000000001a958000 Thread added: 0x000000001a958000
Event: 2208.629 Thread 0x000000001a95f800 Thread added: 0x000000001a95f800


Dynamic libraries:
0x00007ff646630000 - 0x00007ff646667000 	C:\Program Files\Android\Android Studio1\jre\bin\java.exe
0x00007ffbb4b10000 - 0x00007ffbb4d05000 	C:\WINDOWS\SYSTEM32\ntdll.dll
0x00007ffbb42a0000 - 0x00007ffbb435d000 	C:\WINDOWS\System32\KERNEL32.DLL
0x00007ffbb2760000 - 0x00007ffbb2a29000 	C:\WINDOWS\System32\KERNELBASE.dll
0x00007ffbb2c60000 - 0x00007ffbb2d0c000 	C:\WINDOWS\System32\ADVAPI32.dll
0x00007ffbb4160000 - 0x00007ffbb41fe000 	C:\WINDOWS\System32\msvcrt.dll
0x00007ffbb4200000 - 0x00007ffbb429c000 	C:\WINDOWS\System32\sechost.dll
0x00007ffbb30d0000 - 0x00007ffbb31fb000 	C:\WINDOWS\System32\RPCRT4.dll
0x00007ffbb3350000 - 0x00007ffbb34f0000 	C:\WINDOWS\System32\USER32.dll
0x00007ffbb2250000 - 0x00007ffbb2272000 	C:\WINDOWS\System32\win32u.dll
0x00007ffbb2ed0000 - 0x00007ffbb2efa000 	C:\WINDOWS\System32\GDI32.dll
0x00007ffbb2a60000 - 0x00007ffbb2b6b000 	C:\WINDOWS\System32\gdi32full.dll
0x00007ffbb22e0000 - 0x00007ffbb237d000 	C:\WINDOWS\System32\msvcp_win.dll
0x00007ffbb25e0000 - 0x00007ffbb26e0000 	C:\WINDOWS\System32\ucrtbase.dll
0x00007ffb99e10000 - 0x00007ffb9a0aa000 	C:\WINDOWS\WinSxS\amd64_microsoft.windows.common-controls_6595b64144ccf1df_6.0.19041.844_none_ca00b6081b84eb1d\COMCTL32.dll
0x00007ffbb3200000 - 0x00007ffbb3230000 	C:\WINDOWS\System32\IMM32.DLL
0x00000000649d0000 - 0x0000000064aa2000 	C:\Program Files\Android\Android Studio1\jre\jre\bin\msvcr100.dll
0x0000000064b90000 - 0x00000000653db000 	C:\Program Files\Android\Android Studio1\jre\jre\bin\server\jvm.dll
0x00007ffbb2ec0000 - 0x00007ffbb2ec8000 	C:\WINDOWS\System32\PSAPI.DLL
0x00007ffb8a8e0000 - 0x00007ffb8a907000 	C:\WINDOWS\SYSTEM32\WINMM.dll
0x00007ffbabb00000 - 0x00007ffbabb0a000 	C:\WINDOWS\SYSTEM32\VERSION.dll
0x00007ffb9e520000 - 0x00007ffb9e529000 	C:\WINDOWS\SYSTEM32\WSOCK32.dll
0x00007ffbb3560000 - 0x00007ffbb35cb000 	C:\WINDOWS\System32\WS2_32.dll
0x00007ffba26a0000 - 0x00007ffba26af000 	C:\Program Files\Android\Android Studio1\jre\jre\bin\verify.dll
0x00007ffb83ef0000 - 0x00007ffb83f19000 	C:\Program Files\Android\Android Studio1\jre\jre\bin\java.dll
0x00007ffb98ca0000 - 0x00007ffb98cb6000 	C:\Program Files\Android\Android Studio1\jre\jre\bin\zip.dll
0x00007ffbb4360000 - 0x00007ffbb4aa2000 	C:\WINDOWS\System32\SHELL32.dll
0x00007ffbaffe0000 - 0x00007ffbb0770000 	C:\WINDOWS\SYSTEM32\windows.storage.dll
0x00007ffbb3b50000 - 0x00007ffbb3ea5000 	C:\WINDOWS\System32\combase.dll
0x00007ffbb1cc0000 - 0x00007ffbb1cec000 	C:\WINDOWS\SYSTEM32\Wldp.dll
0x00007ffbb3a40000 - 0x00007ffbb3aee000 	C:\WINDOWS\System32\SHCORE.dll
0x00007ffbb2f00000 - 0x00007ffbb2f55000 	C:\WINDOWS\System32\shlwapi.dll
0x00007ffbb2190000 - 0x00007ffbb21af000 	C:\WINDOWS\SYSTEM32\profapi.dll
0x00007ffb94c60000 - 0x00007ffb94c7a000 	C:\Program Files\Android\Android Studio1\jre\jre\bin\net.dll
0x00007ffbb1a40000 - 0x00007ffbb1aaa000 	C:\WINDOWS\system32\mswsock.dll
0x00007ffb90500000 - 0x00007ffb90513000 	C:\Program Files\Android\Android Studio1\jre\jre\bin\nio.dll
0x00007ffb7c390000 - 0x00007ffb7c3b7000 	C:\Users\KAMAL NAYAN\.gradle\native\f6784746aeab05261644944871eae4fe03e0ef1612fff0a4a95f87b438bc6780\windows-amd64\native-platform.dll
0x00007ffba2390000 - 0x00007ffba239d000 	C:\Program Files\Android\Android Studio1\jre\jre\bin\management.dll
0x00007ffbb1c10000 - 0x00007ffbb1c28000 	C:\WINDOWS\SYSTEM32\CRYPTSP.dll
0x00007ffbb1370000 - 0x00007ffbb13a4000 	C:\WINDOWS\system32\rsaenh.dll
0x00007ffbb2a30000 - 0x00007ffbb2a57000 	C:\WINDOWS\System32\bcrypt.dll
0x00007ffbb2150000 - 0x00007ffbb217e000 	C:\WINDOWS\SYSTEM32\USERENV.dll
0x00007ffbb26e0000 - 0x00007ffbb2760000 	C:\WINDOWS\System32\bcryptprimitives.dll
0x00007ffbb1c30000 - 0x00007ffbb1c3c000 	C:\WINDOWS\SYSTEM32\CRYPTBASE.dll
0x00007ffbb16e0000 - 0x00007ffbb171b000 	C:\WINDOWS\SYSTEM32\IPHLPAPI.DLL
0x00007ffbb2b70000 - 0x00007ffbb2b78000 	C:\WINDOWS\System32\NSI.dll
0x00007ffba96c0000 - 0x00007ffba96d7000 	C:\WINDOWS\SYSTEM32\dhcpcsvc6.DLL
0x00007ffba9c80000 - 0x00007ffba9c9d000 	C:\WINDOWS\SYSTEM32\dhcpcsvc.DLL
0x00007ffbb1720000 - 0x00007ffbb17eb000 	C:\WINDOWS\SYSTEM32\DNSAPI.dll
0x00007ffbaacd0000 - 0x00007ffbaacdb000 	C:\WINDOWS\SYSTEM32\WINNSI.DLL
0x00007ffb7e280000 - 0x00007ffb7e2a4000 	C:\Program Files\Android\Android Studio1\jre\jre\bin\sunec.dll
0x00007ffb9ce20000 - 0x00007ffb9ce2a000 	C:\Windows\System32\rasadhlp.dll
0x00007ffb9f580000 - 0x00007ffb9f5ff000 	C:\WINDOWS\System32\fwpuclnt.dll
0x00007ffb9d0b0000 - 0x00007ffb9d0bb000 	C:\Program Files\Android\Android Studio1\jre\jre\bin\sunmscapi.dll
0x00007ffbb2430000 - 0x00007ffbb258f000 	C:\WINDOWS\System32\CRYPT32.dll
0x00007ffbb0fa0000 - 0x00007ffbb0fd3000 	C:\WINDOWS\SYSTEM32\ntmarta.dll

VM Arguments:
jvm_args: -Xmx2048m -Dfile.encoding=UTF-8 -Duser.country=IN -Duser.language=en -Duser.variant -Xmx1024M 
java_command: org.gradle.launcher.daemon.bootstrap.GradleDaemon 6.5
java_class_path (initial): C:\Users\KAMAL NAYAN\.gradle\wrapper\dists\gradle-6.5-bin\6nifqtx7604sqp1q6g8wikw7p\gradle-6.5\lib\gradle-launcher-6.5.jar
Launcher Type: SUN_STANDARD

Environment Variables:
JAVA_HOME=C:\Program Files (x86)\Java\jdk1.8.0_261
_JAVA_OPTIONS=-Xmx1024M
PATH=C:\ProgramData\Oracle\Java\javapath;C:\Program Files\AdoptOpenJDK\jdk-11.0.9.11-hotspot\bin;C:\Program Files (x86)\Common Files\Oracle\Java\javapath;C:\Program Files (x86)\Common Files\Intel\Shared Libraries\redist\intel64\compiler;C:\WINDOWS\system32;C:\WINDOWS;C:\WINDOWS\System32\Wbem;C:\WINDOWS\System32\WindowsPowerShell\v1.0\;C:\WINDOWS\System32\OpenSSH\;C:\Program Files\Git\cmd;C:\Program Files\flutter\bin;C:\Program Files (x86)\Java\jdk1.8.0_261;C:\Program Files\nodejs\;C:\Program Files\dotnet\;C:\Users\KAMAL NAYAN\AppData\Local\Programs\Python\Python38-32\Scripts\;C:\Users\KAMAL NAYAN\AppData\Local\Programs\Python\Python38-32\;C:\Users\KAMAL NAYAN\AppData\Local\Microsoft\WindowsApps;C:\Users\KAMAL NAYAN\AppData\Roaming\npm;C:\src\flutter\bin;C:\Users\KAMAL NAYAN\AppData\Local\Programs\Microsoft VS Code\bin;C:\MinGW\bin;
USERNAME=KAMAL NAYAN
OS=Windows_NT
PROCESSOR_IDENTIFIER=Intel64 Family 6 Model 142 Stepping 12, GenuineIntel



---------------  S Y S T E M  ---------------

OS: Windows 10.0 , 64 bit Build 19041 (10.0.19041.804)

CPU:total 8 (initial active 8) (4 cores per cpu, 2 threads per core) family 6 model 142 stepping 12, cmov, cx8, fxsr, mmx, sse, sse2, sse3, ssse3, sse4.1, sse4.2, popcnt, avx, avx2, aes, clmul, erms, 3dnowpref, lzcnt, ht, tsc, tscinvbit, bmi1, bmi2, adx

Memory: 4k page, physical 8233304k(383020k free), swap 18866520k(1596k free)

vm_info: OpenJDK 64-Bit Server VM (25.242-b01) for windows-amd64 JRE (1.8.0_242-release-1644-b01), built by "builder" with MS VC++ 10.0 (VS2010)

time: Thu Apr 01 00:27:26 2021
timezone: India Standard Time
elapsed time: 2208 seconds (0d 0h 36m 48s)

